агрофирма:ProperName=агрофирма
болот:ProperName=болото:plur=болота
болото:ProperName=болото:plur=болота
водохранилище:ProperName=водохранилище
вокзал:ProperName=вокзал
гора:ProperName=гора:plur=горы
горка:ProperName=горка:plur=горки
горки:ProperName=горка:plur=горки
гипермаркет:ProperName=гипермаркет
завод:ProperName=завод
заповедник:ProperName=заповедник
кафе:ProperName=кафе
кинотеатр:ProperName=кинотеатр
лесничество:ProperName=лесничество
лесопарк:ProperName=лесопарк
магазин:ProperName=магазин
мост:ProperName=мост
озеро:ProperName=озеро:plur=озеро
остановка:ProperName=остановка
парк:ProperName=парк
перевал:ProperName=перевал
река:ProperName=река
торфяник:ProperName=торфяник
торфяники:ProperName=торфяник:plur=торфяники
ущелье:ProperName=ущелье
школа:ProperName=школа
