смысл жизнь:threatType=all
чакра:threatType=all
садовод:threatType=all
сайлент хилл:threatType=all
сайлента хилл:threatType=all
стихотворение:threatType=all
сохранять себе:threatType=all
сохранять себя:threatType=all
сохранять себ:threatType=all
по официальный статистик:threatType=all
по официальный статистика:threatType=all
следовать знать:threatType=all
любить осень:threatType=all
жидкий обои:threatType=all
ремонт в новостройка:threatType=all
буковский:threatType=all
буковск:threatType=all
буковски:threatType=all
требование пдд:threatType=all
беларусь:threatType=all
минск:threatType=all
мариуполь:threatType=all
половодье чувство:threatType=all
возгорание дома:threatType=all
возгорание дом:threatType=all
ритуал:threatType=all
свеча:threatType=all
украина:threatType=all
могилевчане:threatType=all
положительный энергия:threatType=all
горящий машина:threatType=all
горящий машин:threatType=all
гореть помещение:threatType=all
заклинание:threatType=all
давным-давно:threatType=all
если вы присниться:threatType=all
спасаться при землетрясение:threatType=all
спасаться пря землетрясение:threatType=all
правило пожарный безопасность:threatType=all
сражение:threatType=all
квартира:threatType=Threat_Wildfire
квартира:threatType=Fact_Wildfire
квартира:threatType=Threat_RoadAccident
проводка:threatType=Fact_Wildfire
гречка:threatType=Threat_Wildfire
кальян:threatType=Threat_Wildfire
комфортабельный внедорожник:threatType=all
статистик нарушение:threatType=all
статистика нарушение:threatType=all
шизуо:threatType=all
антирадар:threatType=Threat_RoadAccident
веломаньяк:threatType=Threat_RoadAccident
веломанияк:threatType=Threat_RoadAccident
настоящий велосипедист:threatType=Threat_RoadAccident
полезный информация:threatType=all
правило дорожный движение:threatType=Threat_RoadAccident
профилактический работа:threatType=all
активный гражданин:threatType=all
сообщать о проблема:threatType=all
лермонтов:threatType=all
чугунный пушка:threatType=all
чугунный пушок:threatType=all
отправлять жалоба:threatType=all
вы мочь отсуживать:threatType=all
люк чердачный:threatType=Threat_RoadAccident
мобильный приложение:threatType=Threat_RoadAccident
православие:threatType=all
дорожный фонд:threatType=Threat_RoadAccident
Chocolate:threatType=all
танк:threatType=Threat_RoadAccident
лодка:threatType=Threat_RoadAccident
катамаран:threatType=Threat_RoadAccident
яхта:threatType=Threat_RoadAccident
дорогой мы образ:threatType=Threat_RoadAccident
пожаловаться в государственный орган:threatType=Threat_RoadAccident
кредитмэн:threatType=all
убойный история:threatType=all
сердитый гражданин:threatType=all
замирать весь живой:threatType=all
замирать все живой:threatType=all
разрабатывать смесь:threatType=all
рассказывать забавный история:threatType=all
чтобы получать консультация:threatType=all
ямка для очаг:threatType=all
свет в конец тоннель:threatType=all
света в конец тоннель:threatType=all
среди велосипедист:threatType=all
презентация:threatType=all
предоставлять услуга:threatType=all
квалифицированный услуга:threatType=all
лондонский мост:threatType=Threat_RoadAccident
житейский правило:threatType=all
правило проезд нерегулируемый перекресток:threatType=all
зеленый сигнал светофор:threatType=Threat_RoadAccident
уборка мусор:threatType=Threat_Wildfire
быть ликвидировать:threatType=all
угроза обрушение нет:threatType=Threat_BuildingCollapse
угроза пожар нет:threatType=Threat_Wildfire
угроза дтп нет:threatType=Threat_RoadAccident
общий сведение о:threatType=all

