выломанный
дефект
дефектный
доломанный
доломаный
изломанный
исковерканный
искореженный
испорченный
нарушать работа
не исправный
не починять
не работать
не работоспособный
не соответствовать требование
негодный
недостаток
неисправный
некачественный
неправильно работать
неправильный работать
неправильный
неработающий
неработоспособный
нерабочий
обломанный
обломленный
обрушение:mess_type=fact
отвратительный
перекореженный
переломанный
переломленный
плохой
повреждать
повреждение
поврежденный
повреждённый
покореженный
поломанный
поломаный
попорченный
разбивать
разбитый
разваленный
разломанный
разобранный
разрушать:mess_type=fact
разрушенный:mess_type=fact
раскалывать
расколотый
свороченный
скореженный
сломанный﻿
сломаный
сломать
сломаться
снесенный
убитый
уничтоженный


